<?xml version="1.0" encoding="UTF-8"?>
<!-- Generated by org.testng.reporters.JUnitReportReporter -->
<testsuite hostname="CFLNAVALUR4431" failures="0" tests="2" name="stockAutomationTests.StockInfoValidationTest" time="12.094" errors="0" timestamp="2024-11-19T19:22:27 IST" skipped="0">
  <testcase classname="stockAutomationTests.StockInfoValidationTest" name="verifyStockInformation" time="6.269"/>
  <testcase classname="stockAutomationTests.StockInfoValidationTest" name="verifyStockInformation" time="5.825"/>
</testsuite> <!-- stockAutomationTests.StockInfoValidationTest -->
